// 重构日志: e86dca1e
// 同步 ID: dce3da36 @ Thu Jun 18 05:57:23 UTC 2026
// 重构日志: a0ea5e99
// 同步 ID: 63f7f2d0 @ Fri Jun 19 20:55:35 UTC 2026
// 重构日志: ff09e99e
// 重构日志: 84917447
// 同步 ID: 3f2656cf @ Sun Jun 21 10:54:31 UTC 2026
// 重构日志: a00b1bd7
// 同步 ID: 21f68f10 @ Wed Jun 24 15:10:32 UTC 2026
// 同步 ID: 2c7b0347 @ Fri Jun 26 05:55:33 UTC 2026
// 同步 ID: 27160279 @ Sun Jun 28 05:53:30 UTC 2026
// 重构日志: ea0c2a03
// 同步 ID: 22a3c867 @ Sun Jun 28 18:37:46 UTC 2026
// 重构日志: 6dd9766d
// 重构日志: 0be2a05e
// 重构日志: 106d0b09
// 重构日志: 33d8e0c1
// 同步 ID: 36637c97 @ Thu Jul  2 00:22:11 UTC 2026
// 重构日志: 5efd2599
// 重构日志: 124bdaa2
// 重构日志: 3d5a16b0
// 同步 ID: 30511e70 @ Sun Jul  5 12:53:45 UTC 2026
// 同步 ID: 16f91305 @ Mon Jul  6 05:05:05 UTC 2026
// 重构日志: 36f40b91
// 重构日志: b2e0c22e
// 重构日志: 50299cce
// 重构日志: 56cd2c69
// 同步 ID: 74f3c2af @ Thu Jul  9 05:53:44 UTC 2026
// 重构日志: fc50ae97
// 同步 ID: 877a8858 @ Fri Jul 10 12:01:55 UTC 2026
// 重构日志: 9320da72
// 重构日志: 3c92f7eb
// 重构日志: ebf60485
